Arguments: 
  D:\Node.js\node.exe C:\Users\陈智武\AppData\Roaming\npm\node_modules\yarn\bin\yarn.js add install

PATH: 
  C:\Windows\system32;C:\Windows;C:\Windows\System32\Wbem;C:\Windows\System32\WindowsPowerShell\v1.0\;C:\Windows\System32\OpenSSH\;C:\Program Files (x86)\NVIDIA Corporation\PhysX\Common;C:\Program Files\NVIDIA Corporation\NVIDIA NvDLISR;C:\WINDOWS\system32;C:\WINDOWS;C:\WINDOWS\System32\Wbem;C:\WINDOWS\System32\WindowsPowerShell\v1.0\;C:\WINDOWS\System32\OpenSSH\;C:\Program Files\Microsoft SQL Server\130\Tools\Binn\;C:\Program Files\Microsoft SQL Server\Client SDK\ODBC\170\Tools\Binn\;C:\Program Files\Microsoft SQL Server\120\DTS\Binn\;C:\Program Files\Microsoft SQL Server\Client SDK\ODBC\110\Tools\Binn\;C:\Program Files (x86)\Microsoft SQL Server\120\Tools\Binn\;C:\Program Files\Microsoft SQL Server\120\Tools\Binn\;C:\Program Files (x86)\Microsoft SQL Server\120\Tools\Binn\ManagementStudio\;C:\Program Files (x86)\Microsoft SQL Server\120\DTS\Binn\;D:\SVN\bin;C:\Program Files\dotnet\;C:\Program Files (x86)\dotnet\;D:\Node.js\;C:\Users\陈智武\AppData\Roaming\npm\node_modules\yarn\bin;;;D:\Git\cmd;C:\Users\陈智武\AppData\Local\Microsoft\WindowsApps;D:\Users\陈智武\AppData\Local\Programs\Microsoft VS Code\bin;C:\Users\陈智武\.dotnet\tools;D:\Node.js\node_global;C:\Users\陈智武\AppData\Roaming\npm\node_modules\yarn\bin;

Yarn version: 
  1.22.11

Node version: 
  14.17.3

Platform: 
  win32 x64

Trace: 
  Error: https://registry.npm.taobao.org/axios: tunneling socket could not be established, cause=connect ECONNREFUSED 127.0.0.1:1181
      at ClientRequest.onError (C:\Users\陈智武\AppData\Roaming\npm\node_modules\yarn\lib\cli.js:152249:17)
      at Object.onceWrapper (events.js:482:26)
      at ClientRequest.emit (events.js:375:28)
      at Socket.socketErrorListener (_http_client.js:475:9)
      at Socket.emit (events.js:375:28)
      at emitErrorNT (internal/streams/destroy.js:106:8)
      at emitErrorCloseNT (internal/streams/destroy.js:74:3)
      at processTicksAndRejections (internal/process/task_queues.js:82:21)

npm manifest: 
  {
    "name": "vue-admin-template",
    "version": "4.4.0",
    "description": "A vue admin template with Element UI & axios & iconfont & permission control & lint",
    "author": "Pan <panfree23@gmail.com>",
    "scripts": {
      "dev": "vue-cli-service serve",
      "build:prod": "vue-cli-service build",
      "build:stage": "vue-cli-service build --mode staging",
      "preview": "node build/index.js --preview",
      "svgo": "svgo -f src/icons/svg --config=src/icons/svgo.yml",
      "lint": "eslint --ext .js,.vue src",
      "test:unit": "jest --clearCache && vue-cli-service test:unit",
      "test:ci": "npm run lint && npm run test:unit"
    },
    "dependencies": {
      "axios": "0.18.1",
      "core-js": "3.6.5",
      "element-ui": "2.13.2",
      "js-cookie": "2.2.0",
      "normalize.css": "7.0.0",
      "nprogress": "0.2.0",
      "path-to-regexp": "2.4.0",
      "vue": "2.6.10",
      "vue-i18n": "^8.25.0",
      "vue-router": "3.0.6",
      "vuex": "3.1.0"
    },
    "devDependencies": {
      "@vue/cli-plugin-babel": "4.4.4",
      "@vue/cli-plugin-eslint": "4.4.4",
      "@vue/cli-plugin-unit-jest": "4.4.4",
      "@vue/cli-service": "4.4.4",
      "@vue/test-utils": "1.0.0-beta.29",
      "autoprefixer": "9.5.1",
      "babel-eslint": "10.1.0",
      "babel-jest": "23.6.0",
      "babel-plugin-dynamic-import-node": "2.3.3",
      "chalk": "2.4.2",
      "connect": "3.6.6",
      "eslint": "6.7.2",
      "eslint-plugin-vue": "6.2.2",
      "html-webpack-plugin": "3.2.0",
      "mockjs": "1.0.1-beta3",
      "runjs": "4.3.2",
      "sass": "1.26.8",
      "sass-loader": "8.0.2",
      "script-ext-html-webpack-plugin": "2.1.3",
      "serve-static": "1.13.2",
      "svg-sprite-loader": "4.1.3",
      "svgo": "1.2.2",
      "vue-template-compiler": "2.6.10"
    },
    "browserslist": [
      "> 1%",
      "last 2 versions"
    ],
    "engines": {
      "node": ">=8.9",
      "npm": ">= 3.0.0"
    },
    "license": "MIT"
  }

yarn manifest: 
  No manifest

Lockfile: 
  No lockfile
